<?xml version="1.0" encoding="UTF-8"?>
<testng-results skipped="0" failed="0" total="9" passed="9">
  <reporter-output>
  </reporter-output>
  <suite name="Default suite" duration-ms="88298" started-at="2021-08-30T13:23:06Z" finished-at="2021-08-30T13:24:34Z">
    <groups>
    </groups>
    <test name="Default test" duration-ms="88298" started-at="2021-08-30T13:23:06Z" finished-at="2021-08-30T13:24:34Z">
      <class name="DDF.DDFWithExcel">
        <test-method status="PASS" signature="setUp()[pri:0, instance:DDF.DDFWithExcel@ee68d8]" name="setUp" is-config="true" duration-ms="45918" started-at="2021-08-30T18:53:06Z" finished-at="2021-08-30T18:53:52Z">
          <reporter-output>
          </reporter-output>
        </test-method> <!-- setUp -->
        <test-method status="PASS" signature="login(java.lang.String, java.lang.String)[pri:0, instance:DDF.DDFWithExcel@ee68d8]" name="login" duration-ms="14695" started-at="2021-08-30T18:53:53Z" data-provider="S1" finished-at="2021-08-30T18:54:07Z">
          <params>
            <param index="0">
              <value>
                <![CDATA[Admin]]>
              </value>
            </param>
            <param index="1">
              <value>
                <![CDATA[admin123]]>
              </value>
            </param>
          </params>
          <reporter-output>
          </reporter-output>
        </test-method> <!-- login -->
        <test-method status="PASS" signature="login(java.lang.String, java.lang.String)[pri:0, instance:DDF.DDFWithExcel@ee68d8]" name="login" duration-ms="3585" started-at="2021-08-30T18:54:07Z" data-provider="S1" finished-at="2021-08-30T18:54:11Z">
          <params>
            <param index="0">
              <value>
                <![CDATA[Admin]]>
              </value>
            </param>
            <param index="1">
              <value>
                <![CDATA[admin123]]>
              </value>
            </param>
          </params>
          <reporter-output>
          </reporter-output>
        </test-method> <!-- login -->
        <test-method status="PASS" signature="login(java.lang.String, java.lang.String)[pri:0, instance:DDF.DDFWithExcel@ee68d8]" name="login" duration-ms="2934" started-at="2021-08-30T18:54:11Z" data-provider="S1" finished-at="2021-08-30T18:54:14Z">
          <params>
            <param index="0">
              <value>
                <![CDATA[Admin]]>
              </value>
            </param>
            <param index="1">
              <value>
                <![CDATA[admin123]]>
              </value>
            </param>
          </params>
          <reporter-output>
          </reporter-output>
        </test-method> <!-- login -->
        <test-method status="PASS" signature="login(java.lang.String, java.lang.String)[pri:0, instance:DDF.DDFWithExcel@ee68d8]" name="login" duration-ms="2873" started-at="2021-08-30T18:54:14Z" data-provider="S1" finished-at="2021-08-30T18:54:17Z">
          <params>
            <param index="0">
              <value>
                <![CDATA[Admin]]>
              </value>
            </param>
            <param index="1">
              <value>
                <![CDATA[admin123]]>
              </value>
            </param>
          </params>
          <reporter-output>
          </reporter-output>
        </test-method> <!-- login -->
        <test-method status="PASS" signature="login(java.lang.String, java.lang.String)[pri:0, instance:DDF.DDFWithExcel@ee68d8]" name="login" duration-ms="3486" started-at="2021-08-30T18:54:17Z" data-provider="S1" finished-at="2021-08-30T18:54:20Z">
          <params>
            <param index="0">
              <value>
                <![CDATA[Admin]]>
              </value>
            </param>
            <param index="1">
              <value>
                <![CDATA[admin123]]>
              </value>
            </param>
          </params>
          <reporter-output>
          </reporter-output>
        </test-method> <!-- login -->
        <test-method status="PASS" signature="login(java.lang.String, java.lang.String)[pri:0, instance:DDF.DDFWithExcel@ee68d8]" name="login" duration-ms="3196" started-at="2021-08-30T18:54:20Z" data-provider="S1" finished-at="2021-08-30T18:54:24Z">
          <params>
            <param index="0">
              <value>
                <![CDATA[Admin]]>
              </value>
            </param>
            <param index="1">
              <value>
                <![CDATA[admin123]]>
              </value>
            </param>
          </params>
          <reporter-output>
          </reporter-output>
        </test-method> <!-- login -->
        <test-method status="PASS" signature="login(java.lang.String, java.lang.String)[pri:0, instance:DDF.DDFWithExcel@ee68d8]" name="login" duration-ms="3833" started-at="2021-08-30T18:54:24Z" data-provider="S1" finished-at="2021-08-30T18:54:27Z">
          <params>
            <param index="0">
              <value>
                <![CDATA[Admin]]>
              </value>
            </param>
            <param index="1">
              <value>
                <![CDATA[admin123]]>
              </value>
            </param>
          </params>
          <reporter-output>
          </reporter-output>
        </test-method> <!-- login -->
        <test-method status="PASS" signature="login(java.lang.String, java.lang.String)[pri:0, instance:DDF.DDFWithExcel@ee68d8]" name="login" duration-ms="3833" started-at="2021-08-30T18:54:27Z" data-provider="S1" finished-at="2021-08-30T18:54:31Z">
          <params>
            <param index="0">
              <value>
                <![CDATA[Admin]]>
              </value>
            </param>
            <param index="1">
              <value>
                <![CDATA[admin123]]>
              </value>
            </param>
          </params>
          <reporter-output>
          </reporter-output>
        </test-method> <!-- login -->
        <test-method status="PASS" signature="login(java.lang.String, java.lang.String)[pri:0, instance:DDF.DDFWithExcel@ee68d8]" name="login" duration-ms="2562" started-at="2021-08-30T18:54:31Z" data-provider="S1" finished-at="2021-08-30T18:54:34Z">
          <params>
            <param index="0">
              <value>
                <![CDATA[Admin]]>
              </value>
            </param>
            <param index="1">
              <value>
                <![CDATA[admin123]]>
              </value>
            </param>
          </params>
          <reporter-output>
          </reporter-output>
        </test-method> <!-- login -->
        <test-method status="PASS" signature="tearDown()[pri:0, instance:DDF.DDFWithExcel@ee68d8]" name="tearDown" is-config="true" duration-ms="295" started-at="2021-08-30T18:54:34Z" finished-at="2021-08-30T18:54:34Z">
          <reporter-output>
          </reporter-output>
        </test-method> <!-- tearDown -->
      </class> <!-- DDF.DDFWithExcel -->
    </test> <!-- Default test -->
  </suite> <!-- Default suite -->
</testng-results>
